<?xml version="1.0" encoding="utf-8"?>
<TestRun id="e6fef094-2921-476e-b559-6a79e6409478" name="BinduTandon@VER-WGN-0010 2024-11-12 14:18:40" runUser="AzureAD\BinduTandon" xmlns="http://microsoft.com/schemas/VisualStudio/TeamTest/2010">
  <Times creation="2024-11-12T14:18:40.5007217+13:00" queuing="2024-11-12T14:18:40.5007220+13:00" start="2024-11-12T14:18:26.1144625+13:00" finish="2024-11-12T14:18:40.5077535+13:00" />
  <TestSettings name="default" id="34128227-8f23-4b42-99cf-848597f2a1c5">
    <Deployment runDeploymentRoot="BinduTandon_VER-WGN-0010_2024-11-12_14_18_40" />
  </TestSettings>
  <Results>
    <UnitTestResult executionId="1434150d-3aef-4bc4-925c-e166d370313b" testId="ad3b1c91-6b44-b3b5-7490-5a709d6a6c5a" testName="SearchForAHouseInRegionWellington" computerName="VER-WGN-0010" duration="00:00:13.1777320" startTime="2024-11-12T14:18:26.9152596+13:00" endTime="2024-11-12T14:18:40.0929213+13:00" testType="13cdc9d9-ddb5-4fa4-a97d-d965ccfc6d4b" outcome="Passed" testListId="8c84fa94-04c1-424b-9868-57a2d4851a1d" relativeResultsDirectory="1434150d-3aef-4bc4-925c-e166d370313b">
      <Output>
        <StdOut>Given [User is on a Trademe Website]&#xD;
Trademe Logo exists and page is loaded : True&#xD;
-&gt; done: TrademeSearchHouseStepDefinitions.GivenUserIsOnATrademeWebsite() (5.4s)&#xD;
When [he inputs "house" and clicks on search]&#xD;
-&gt; done: TrademeSearchHouseStepDefinitions.WhenHeInputsAndClicksOnSearch("house") (0.2s)&#xD;
And [selects Category as "Trade Me Property"]&#xD;
-&gt; done: TrademeSearchHouseStepDefinitions.WhenSelectsCategoryAs("Trade Me Property") (1.4s)&#xD;
And [sets location Region as "Wellington"]&#xD;
-&gt; done: TrademeSearchHouseStepDefinitions.WhenSetsLocationRegionAs("Wellington") (4.1s)&#xD;
Then [number of listing displayed is 284]&#xD;
 This is the Listing Result : Showing 284 results for 'house'&#xD;
Number of results: 284&#xD;
-&gt; done: TrademeSearchHouseStepDefinitions.ThenNumberOfListingDisplayedIs(284) (0.6s)&#xD;
When [he selects the first listing]&#xD;
-&gt; done: TrademeSearchHouseStepDefinitions.WhenHeSelectsTheFirstListing() (0.1s)&#xD;
Then [he verifies the key details]&#xD;
Property Address   : 511/9 Byron Avenue, Taita, Lower Hutt, Wellington&#xD;
Property Beds      :  1 Bed&#xD;
Property AgentName : Quinovic Takapuna&#xD;
-&gt; done: TrademeSearchHouseStepDefinitions.ThenHeVerifiesTheKeyDetails() (0.7s)</StdOut>
      </Output>
    </UnitTestResult>
  </Results>
  <TestDefinitions>
    <UnitTest name="SearchForAHouseInRegionWellington" storage="c:\trademecode\bindu-test\trademewebuitests\bin\debug\net6.0\trademewebuitests.dll" id="ad3b1c91-6b44-b3b5-7490-5a709d6a6c5a">
      <Execution id="1434150d-3aef-4bc4-925c-e166d370313b" />
      <TestMethod codeBase="C:\TrademeCode\bindu-test\TrademeWebUITests\bin\Debug\net6.0\TrademeWebUITests.dll" adapterTypeName="executor://nunit3testexecutor/" className="TrademeWebUITests.Features.SearchForAHouseOnTrademeWebsiteFeature" name="SearchForAHouseInRegionWellington" />
    </UnitTest>
  </TestDefinitions>
  <TestEntries>
    <TestEntry testId="ad3b1c91-6b44-b3b5-7490-5a709d6a6c5a" executionId="1434150d-3aef-4bc4-925c-e166d370313b" testListId="8c84fa94-04c1-424b-9868-57a2d4851a1d" />
  </TestEntries>
  <TestLists>
    <TestList name="Results Not in a List" id="8c84fa94-04c1-424b-9868-57a2d4851a1d" />
    <TestList name="All Loaded Results" id="19431567-8539-422a-85d7-44ee4e166bda" />
  </TestLists>
  <ResultSummary outcome="Completed">
    <Counters total="1" executed="1" passed="1" failed="0" error="0" timeout="0" aborted="0" inconclusive="0" passedButRunAborted="0" notRunnable="0" notExecuted="0" disconnected="0" warning="0" completed="0" inProgress="0" pending="0" />
    <Output>
      <StdOut>NUnit Adapter 4.1.0.0: Test execution started&#xD;
Running all tests in C:\TrademeCode\bindu-test\TrademeWebUITests\bin\Debug\net6.0\TrademeWebUITests.dll&#xD;
   NUnit3TestExecutor discovered 1 of 1 NUnit test cases using Current Discovery mode, Non-Explicit run&#xD;
Starting ChromeDriver 111.0.5563.64 (c710e93d5b63b7095afe8c2c17df34408078439d-refs/branch-heads/5563@{#995}) on port 60244&#xD;
Only local connections are allowed.&#xD;
Please see https://chromedriver.chromium.org/security-considerations for suggestions on keeping ChromeDriver safe.&#xD;
ChromeDriver was started successfully.&#xD;
Given [User is on a Trademe Website]&#xD;
Trademe Logo exists and page is loaded : True&#xD;
-&gt; done: TrademeSearchHouseStepDefinitions.GivenUserIsOnATrademeWebsite() (5.4s)&#xD;
When [he inputs "house" and clicks on search]&#xD;
-&gt; done: TrademeSearchHouseStepDefinitions.WhenHeInputsAndClicksOnSearch("house") (0.2s)&#xD;
And [selects Category as "Trade Me Property"]&#xD;
-&gt; done: TrademeSearchHouseStepDefinitions.WhenSelectsCategoryAs("Trade Me Property") (1.4s)&#xD;
And [sets location Region as "Wellington"]&#xD;
-&gt; done: TrademeSearchHouseStepDefinitions.WhenSetsLocationRegionAs("Wellington") (4.1s)&#xD;
Then [number of listing displayed is 284]&#xD;
 This is the Listing Result : Showing 284 results for 'house'&#xD;
Number of results: 284&#xD;
-&gt; done: TrademeSearchHouseStepDefinitions.ThenNumberOfListingDisplayedIs(284) (0.6s)&#xD;
When [he selects the first listing]&#xD;
-&gt; done: TrademeSearchHouseStepDefinitions.WhenHeSelectsTheFirstListing() (0.1s)&#xD;
Then [he verifies the key details]&#xD;
Property Address   : 511/9 Byron Avenue, Taita, Lower Hutt, Wellington&#xD;
Property Beds      :  1 Bed&#xD;
Property AgentName : Quinovic Takapuna&#xD;
-&gt; done: TrademeSearchHouseStepDefinitions.ThenHeVerifiesTheKeyDetails() (0.7s)&#xD;
&#xD;
NUnit Adapter 4.1.0.0: Test execution complete&#xD;
</StdOut>
    </Output>
  </ResultSummary>
</TestRun>