<?xml version="1.0" encoding="utf-8"?>
<TestRun id="ff492d56-bd88-4fa0-885b-9182ea254e62" name="BinduTandon@VER-WGN-0010 2024-11-12 12:41:46" runUser="AzureAD\BinduTandon" xmlns="http://microsoft.com/schemas/VisualStudio/TeamTest/2010">
  <Times creation="2024-11-12T12:41:46.6953746+13:00" queuing="2024-11-12T12:41:46.6953749+13:00" start="2024-11-12T12:41:44.9992743+13:00" finish="2024-11-12T12:41:46.7021056+13:00" />
  <TestSettings name="default" id="272430be-9899-4682-bed0-2406dd7b13c3">
    <Deployment runDeploymentRoot="BinduTandon_VER-WGN-0010_2024-11-12_12_41_46" />
  </TestSettings>
  <Results>
    <UnitTestResult executionId="94f180cf-4874-43fe-94bf-b61ecd329ea4" testId="8c1df81e-b3eb-6fb9-dc51-f1d9ba20a732" testName="VerifyCountOfUsedCarBrandsavailable" computerName="VER-WGN-0010" duration="00:00:00.2112200" startTime="2024-11-12T12:41:45.8539795+13:00" endTime="2024-11-12T12:41:46.0651437+13:00" testType="13cdc9d9-ddb5-4fa4-a97d-d965ccfc6d4b" outcome="Passed" testListId="8c84fa94-04c1-424b-9868-57a2d4851a1d" relativeResultsDirectory="94f180cf-4874-43fe-94bf-b61ecd329ea4">
      <Output>
        <StdOut>Given [user sends Httprequest to Trademe UsedCars Url]&#xD;
The Status Code is : OK&#xD;
The JSon Response is : {"Name":"Cars","Number":"0001-0268-","Path":"\/Trade-Me-Motors\/Cars","Subcategories":[{"Name":"Alfa Romeo","Number":"0001-0268-0269-","Path":"\/Trade-Me-Motors\/Cars\/Alfa-Romeo","HasClassifieds":true,"AreaOfBusiness":3,"IsLeaf":true},{"Name":"Aston Martin","Number":"0001-0268-0270-","Path":"\/Trade-Me-Motors\/Cars\/Aston-Martin","HasClassifieds":true,"AreaOfBusiness":3,"IsLeaf":true},{"Name":"Audi","Number":"0001-0268-0271-","Path":"\/Trade-Me-Motors\/Cars\/Audi","HasClassifieds":true,"AreaOfBusiness":3,"IsLeaf":true},{"Name":"Austin","Number":"0001-0268-0272-","Path":"\/Trade-Me-Motors\/Cars\/Austin","HasClassifieds":true,"AreaOfBusiness":3,"IsLeaf":true},{"Name":"Bentley","Number":"0001-0268-7081-","Path":"\/Trade-Me-Motors\/Cars\/Bentley","HasClassifieds":true,"AreaOfBusiness":3,"IsLeaf":true},{"Name":"BMW","Number":"0001-0268-0275-","Path":"\/Trade-Me-Motors\/Cars\/BMW","HasClassifieds":true,"AreaOfBusiness":3,"IsLeaf":true},{"Name":"Buick","Number":"0001-0268-5635-","Path":"\/Trade-Me-Motors\/Cars\/Buick","HasClassifieds":true,"AreaOfBusiness":3,"IsLeaf":true},{"Name":"BYD","Number":"0001-0268-5589-","Path":"\/Trade-Me-Motors\/Cars\/BYD","HasClassifieds":true,"AreaOfBusiness":3,"IsLeaf":true},{"Name":"Cadillac","Number":"0001-0268-0278-","Path":"\/Trade-Me-Motors\/Cars\/Cadillac","HasClassifieds":true,"AreaOfBusiness":3,"IsLeaf":true},{"Name":"Chery","Number":"0001-0268-9976-","Path":"\/Trade-Me-Motors\/Cars\/Chery","HasClassifieds":true,"AreaOfBusiness":3,"IsLeaf":true},{"Name":"Chevrolet","Number":"0001-0268-0280-","Path":"\/Trade-Me-Motors\/Cars\/Chevrolet","HasClassifieds":true,"AreaOfBusiness":3,"IsLeaf":true},{"Name":"Chrysler","Number":"0001-0268-0281-","Path":"\/Trade-Me-Motors\/Cars\/Chrysler","HasClassifieds":true,"AreaOfBusiness":3,"IsLeaf":true},{"Name":"Citroen","Number":"0001-0268-0282-","Path":"\/Trade-Me-Motors\/Cars\/Citroen","HasClassifieds":true,"AreaOfBusiness":3,"IsLeaf":true},{"Name":"Cupra","Number":"0001-0268-5609-","Path":"\/Trade-Me-Motors\/Cars\/Cupra","HasClassifieds":true,"AreaOfBusiness":3,"IsLeaf":true},{"Name":"Daewoo","Number":"0001-0268-0283-","Path":"\/Trade-Me-Motors\/Cars\/Daewoo","HasClassifieds":true,"AreaOfBusiness":3,"IsLeaf":true},{"Name":"Daihatsu","Number":"0001-0268-0285-","Path":"\/Trade-Me-Motors\/Cars\/Daihatsu","HasClassifieds":true,"AreaOfBusiness":3,"IsLeaf":true},{"Name":"Daimler","Number":"0001-0268-7080-","Path":"\/Trade-Me-Motors\/Cars\/Daimler","HasClassifieds":true,"AreaOfBusiness":3,"IsLeaf":true},{"Name":"Dodge","Number":"0001-0268-0287-","Path":"\/Trade-Me-Motors\/Cars\/Dodge","HasClassifieds":true,"AreaOfBusiness":3,"IsLeaf":true},{"Name":"DS Automobiles","Number":"0001-0268-5680-","Path":"\/Trade-Me-Motors\/Cars\/DS-Automobiles","HasClassifieds":true,"AreaOfBusiness":3,"IsLeaf":true},{"Name":"Ferrari","Number":"0001-0268-0290-","Path":"\/Trade-Me-Motors\/Cars\/Ferrari","HasClassifieds":true,"AreaOfBusiness":3,"IsLeaf":true},{"Name":"Fiat","Number":"0001-0268-0291-","Path":"\/Trade-Me-Motors\/Cars\/Fiat","HasClassifieds":true,"AreaOfBusiness":3,"IsLeaf":true},{"Name":"Ford","Number":"0001-0268-0292-","Path":"\/Trade-Me-Motors\/Cars\/Ford","HasClassifieds":true,"AreaOfBusiness":3,"IsLeaf":true},{"Name":"Foton","Number":"0001-0268-9971-","Path":"\/Trade-Me-Motors\/Cars\/Foton","HasClassifieds":true,"AreaOfBusiness":3,"IsLeaf":true},{"Name":"Geely","Number":"0001-0268-9529-","Path":"\/Trade-Me-Motors\/Cars\/Geely","HasClassifieds":true,"AreaOfBusiness":3,"IsLeaf":true},{"Name":"Genesis","Number":"0001-0268-5633-","Path":"\/Trade-Me-Motors\/Cars\/Genesis","HasClassifieds":true,"AreaOfBusiness":3,"IsLeaf":true},{"Name":"GMC","Number":"0001-0268-9975-","Path":"\/Trade-Me-Motors\/Cars\/GMC","HasClassifieds":true,"AreaOfBusiness":3,"IsLeaf":true},{"Name":"GWM","Number":"0001-0268-9162-","Path":"\/Trade-Me-Motors\/Cars\/GWM","HasClassifieds":true,"AreaOfBusiness":3,"IsLeaf":true},{"Name":"HAVAL","Number":"0001-0268-5608-","Path":"\/Trade-Me-Motors\/Cars\/HAVAL","HasClassifieds":true,"AreaOfBusiness":3,"IsLeaf":true},{"Name":"Holden","Number":"0001-0268-0297-","Path":"\/Trade-Me-Motors\/Cars\/Holden","HasClassifieds":true,"AreaOfBusiness":3,"IsLeaf":true},{"Name":"Honda","Number":"0001-0268-0298-","Path":"\/Trade-Me-Motors\/Cars\/Honda","HasClassifieds":true,"AreaOfBusiness":3,"IsLeaf":true},{"Name":"Humber","Number":"0001-0268-5611-","Path":"\/Trade-Me-Motors\/Cars\/Humber","HasClassifieds":true,"AreaOfBusiness":3,"IsLeaf":true},{"Name":"Hummer","Number":"0001-0268-1703-","Path":"\/Trade-Me-Motors\/Cars\/Hummer","HasClassifieds":true,"AreaOfBusiness":3,"IsLeaf":true},{"Name":"Hyundai","Number":"0001-0268-0300-","Path":"\/Trade-Me-Motors\/Cars\/Hyundai","HasClassifieds":true,"AreaOfBusiness":3,"IsLeaf":true},{"Name":"INEOS","Number":"0001-0268-5610-","Path":"\/Trade-Me-Motors\/Cars\/INEOS","HasClassifieds":true,"AreaOfBusiness":3,"IsLeaf":true},{"Name":"INFINITI","Number":"0001-0268-5682-","Path":"\/Trade-Me-Motors\/Cars\/INFINITI","HasClassifieds":true,"AreaOfBusiness":3,"IsLeaf":true},{"Name":"Isuzu","Number":"0001-0268-0301-","Path":"\/Trade-Me-Motors\/Cars\/Isuzu","HasClassifieds":true,"AreaOfBusiness":3,"IsLeaf":true},{"Name":"Iveco","Number":"0001-0268-5677-","Path":"\/Trade-Me-Motors\/Cars\/Iveco","HasClassifieds":true,"AreaOfBusiness":3,"IsLeaf":true},{"Name":"JAECOO","Number":"0001-0268-5632-","Path":"\/Trade-Me-Motors\/Cars\/JAECOO","HasClassifieds":true,"AreaOfBusiness":3,"IsLeaf":true},{"Name":"Jaguar","Number":"0001-0268-0302-","Path":"\/Trade-Me-Motors\/Cars\/Jaguar","HasClassifieds":true,"AreaOfBusiness":3,"IsLeaf":true},{"Name":"Jeep","Number":"0001-0268-0304-","Path":"\/Trade-Me-Motors\/Cars\/Jeep","HasClassifieds":true,"AreaOfBusiness":3,"IsLeaf":true},{"Name":"KGM","Number":"0001-0268-5634-","Path":"\/Trade-Me-Motors\/Cars\/KGM","HasClassifieds":true,"AreaOfBusiness":3,"IsLeaf":true},{"Name":"Kia","Number":"0001-0268-0305-","Path":"\/Trade-Me-Motors\/Cars\/Kia","HasClassifieds":true,"AreaOfBusiness":3,"IsLeaf":true},{"Name":"Lamborghini","Number":"0001-0268-7013-","Path":"\/Trade-Me-Motors\/Cars\/Lamborghini","HasClassifieds":true,"AreaOfBusiness":3,"IsLeaf":true},{"Name":"Lancia","Number":"0001-0268-5684-","Path":"\/Trade-Me-Motors\/Cars\/Lancia","HasClassifieds":true,"AreaOfBusiness":3,"IsLeaf":true},{"Name":"Land Rover","Number":"0001-0268-0306-","Path":"\/Trade-Me-Motors\/Cars\/Land-Rover","HasClassifieds":true,"AreaOfBusiness":3,"IsLeaf":true},{"Name":"LDV","Number":"0001-0268-9974-","Path":"\/Trade-Me-Motors\/Cars\/LDV","HasClassifieds":true,"AreaOfBusiness":3,"IsLeaf":true},{"Name":"Lexus","Number":"0001-0268-0307-","Path":"\/Trade-Me-Motors\/Cars\/Lexus","HasClassifieds":true,"AreaOfBusiness":3,"IsLeaf":true},{"Name":"Lotus","Number":"0001-0268-0308-","Path":"\/Trade-Me-Motors\/Cars\/Lotus","HasClassifieds":true,"AreaOfBusiness":3,"IsLeaf":true},{"Name":"Mahindra","Number":"0001-0268-9973-","Path":"\/Trade-Me-Motors\/Cars\/Mahindra","HasClassifieds":true,"AreaOfBusiness":3,"IsLeaf":true},{"Name":"Maserati","Number":"0001-0268-0309-","Path":"\/Trade-Me-Motors\/Cars\/Maserati","HasClassifieds":true,"AreaOfBusiness":3,"IsLeaf":true},{"Name":"Mazda","Number":"0001-0268-0310-","Path":"\/Trade-Me-Motors\/Cars\/Mazda","HasClassifieds":true,"AreaOfBusiness":3,"IsLeaf":true},{"Name":"McLaren","Number":"0001-0268-5605-","Path":"\/Trade-Me-Motors\/Cars\/McLaren","HasClassifieds":true,"AreaOfBusiness":3,"IsLeaf":true},{"Name":"Mercedes-Benz","Number":"0001-0268-0311-","Path":"\/Trade-Me-Motors\/Cars\/MercedesBenz","HasClassifieds":true,"AreaOfBusiness":3,"IsLeaf":true},{"Name":"MG","Number":"0001-0268-0312-","Path":"\/Trade-Me-Motors\/Cars\/MG","HasClassifieds":true,"AreaOfBusiness":3,"IsLeaf":true},{"Name":"MINI","Number":"0001-0268-0313-","Path":"\/Trade-Me-Motors\/Cars\/MINI","HasClassifieds":true,"AreaOfBusiness":3,"IsLeaf":true},{"Name":"Mitsubishi","Number":"0001-0268-0314-","Path":"\/Trade-Me-Motors\/Cars\/Mitsubishi","HasClassifieds":true,"AreaOfBusiness":3,"IsLeaf":true},{"Name":"Morgan","Number":"0001-0268-5606-","Path":"\/Trade-Me-Motors\/Cars\/Morgan","HasClassifieds":true,"AreaOfBusiness":3,"IsLeaf":true},{"Name":"Morris","Number":"0001-0268-0315-","Path":"\/Trade-Me-Motors\/Cars\/Morris","HasClassifieds":true,"AreaOfBusiness":3,"IsLeaf":true},{"Name":"Nissan","Number":"0001-0268-0316-","Path":"\/Trade-Me-Motors\/Cars\/Nissan","HasClassifieds":true,"AreaOfBusiness":3,"IsLeaf":true},{"Name":"OMODA","Number":"0001-0268-5631-","Path":"\/Trade-Me-Motors\/Cars\/OMODA","HasClassifieds":true,"AreaOfBusiness":3,"IsLeaf":true},{"Name":"Opel","Number":"0001-0268-0317-","Path":"\/Trade-Me-Motors\/Cars\/Opel","HasClassifieds":true,"AreaOfBusiness":3,"IsLeaf":true},{"Name":"Peugeot","Number":"0001-0268-0318-","Path":"\/Trade-Me-Motors\/Cars\/Peugeot","HasClassifieds":true,"AreaOfBusiness":3,"IsLeaf":true},{"Name":"Polestar","Number":"0001-0268-5590-","Path":"\/Trade-Me-Motors\/Cars\/Polestar","HasClassifieds":true,"AreaOfBusiness":3,"IsLeaf":true},{"Name":"Pontiac","Number":"0001-0268-4153-","Path":"\/Trade-Me-Motors\/Cars\/Pontiac","HasClassifieds":true,"AreaOfBusiness":3,"IsLeaf":true},{"Name":"Porsche","Number":"0001-0268-0320-","Path":"\/Trade-Me-Motors\/Cars\/Porsche","HasClassifieds":true,"AreaOfBusiness":3,"IsLeaf":true},{"Name":"Ram","Number":"0001-0268-5681-","Path":"\/Trade-Me-Motors\/Cars\/Ram","HasClassifieds":true,"AreaOfBusiness":3,"IsLeaf":true},{"Name":"Renault","Number":"0001-0268-0325-","Path":"\/Trade-Me-Motors\/Cars\/Renault","HasClassifieds":true,"AreaOfBusiness":3,"IsLeaf":true},{"Name":"Riley","Number":"0001-0268-5679-","Path":"\/Trade-Me-Motors\/Cars\/Riley","HasClassifieds":true,"AreaOfBusiness":3,"IsLeaf":true},{"Name":"Rolls-Royce","Number":"0001-0268-0326-","Path":"\/Trade-Me-Motors\/Cars\/RollsRoyce","HasClassifieds":true,"AreaOfBusiness":3,"IsLeaf":true},{"Name":"Rover","Number":"0001-0268-0327-","Path":"\/Trade-Me-Motors\/Cars\/Rover","HasClassifieds":true,"AreaOfBusiness":3,"IsLeaf":true},{"Name":"Saab","Number":"0001-0268-0328-","Path":"\/Trade-Me-Motors\/Cars\/Saab","HasClassifieds":true,"AreaOfBusiness":3,"IsLeaf":true},{"Name":"SEAT","Number":"0001-0268-9977-","Path":"\/Trade-Me-Motors\/Cars\/SEAT","HasClassifieds":true,"AreaOfBusiness":3,"IsLeaf":true},{"Name":"Skoda","Number":"0001-0268-5583-","Path":"\/Trade-Me-Motors\/Cars\/Skoda","HasClassifieds":true,"AreaOfBusiness":3,"IsLeaf":true},{"Name":"Smart","Number":"0001-0268-5584-","Path":"\/Trade-Me-Motors\/Cars\/Smart","HasClassifieds":true,"AreaOfBusiness":3,"IsLeaf":true},{"Name":"Ssangyong","Number":"0001-0268-0331-","Path":"\/Trade-Me-Motors\/Cars\/Ssangyong","HasClassifieds":true,"AreaOfBusiness":3,"IsLeaf":true},{"Name":"Studebaker","Number":"0001-0268-5612-","Path":"\/Trade-Me-Motors\/Cars\/Studebaker","HasClassifieds":true,"AreaOfBusiness":3,"IsLeaf":true},{"Name":"Subaru","Number":"0001-0268-0332-","Path":"\/Trade-Me-Motors\/Cars\/Subaru","HasClassifieds":true,"AreaOfBusiness":3,"IsLeaf":true},{"Name":"Suzuki","Number":"0001-0268-0333-","Path":"\/Trade-Me-Motors\/Cars\/Suzuki","HasClassifieds":true,"AreaOfBusiness":3,"IsLeaf":true},{"Name":"Tesla","Number":"0001-0268-5607-","Path":"\/Trade-Me-Motors\/Cars\/Tesla","HasClassifieds":true,"AreaOfBusiness":3,"IsLeaf":true},{"Name":"Toyota","Number":"0001-0268-0334-","Path":"\/Trade-Me-Motors\/Cars\/Toyota","HasClassifieds":true,"AreaOfBusiness":3,"IsLeaf":true},{"Name":"Triumph","Number":"0001-0268-0335-","Path":"\/Trade-Me-Motors\/Cars\/Triumph","HasClassifieds":true,"AreaOfBusiness":3,"IsLeaf":true},{"Name":"TVR","Number":"0001-0268-5678-","Path":"\/Trade-Me-Motors\/Cars\/TVR","HasClassifieds":true,"AreaOfBusiness":3,"IsLeaf":true},{"Name":"Vauxhall","Number":"0001-0268-9972-","Path":"\/Trade-Me-Motors\/Cars\/Vauxhall","HasClassifieds":true,"AreaOfBusiness":3,"IsLeaf":true},{"Name":"Volkswagen","Number":"0001-0268-0336-","Path":"\/Trade-Me-Motors\/Cars\/Volkswagen","HasClassifieds":true,"AreaOfBusiness":3,"IsLeaf":true},{"Name":"Volvo","Number":"0001-0268-0337-","Path":"\/Trade-Me-Motors\/Cars\/Volvo","HasClassifieds":true,"AreaOfBusiness":3,"IsLeaf":true},{"Name":"Other","Number":"0001-0268-1492-","Path":"\/Trade-Me-Motors\/Cars\/Other","HasClassifieds":true,"AreaOfBusiness":3,"IsLeaf":true}],"HasClassifieds":true,"AreaOfBusiness":3,"IsLeaf":false}&#xD;
-&gt; done: UsedCarsStepDefintions.GivenUserSendHttprequestToUrl() (0.2s)&#xD;
Then [status code is 200]&#xD;
-&gt; done: UsedCarsStepDefintions.ThenStatusCodeIs(200) (0.0s)&#xD;
And [count of Used Car Brands is 86]&#xD;
the number of used cars brands is 86&#xD;
-&gt; done: UsedCarsStepDefintions.ThenCountOfUsedCarBrandsIs(86) (0.0s)</StdOut>
      </Output>
    </UnitTestResult>
  </Results>
  <TestDefinitions>
    <UnitTest name="VerifyCountOfUsedCarBrandsavailable" storage="c:\trademecode\bindu-test\trademeapiautomationtests\bin\debug\net6.0\trademeapitests.dll" id="8c1df81e-b3eb-6fb9-dc51-f1d9ba20a732">
      <Execution id="94f180cf-4874-43fe-94bf-b61ecd329ea4" />
      <TestMethod codeBase="C:\TrademeCode\bindu-test\TrademeAPIAutomationTests\bin\Debug\net6.0\TrademeAPITests.dll" adapterTypeName="executor://nunit3testexecutor/" className="TrademeAPITests.Features.UsedCarsFeature" name="VerifyCountOfUsedCarBrandsavailable" />
    </UnitTest>
  </TestDefinitions>
  <TestEntries>
    <TestEntry testId="8c1df81e-b3eb-6fb9-dc51-f1d9ba20a732" executionId="94f180cf-4874-43fe-94bf-b61ecd329ea4" testListId="8c84fa94-04c1-424b-9868-57a2d4851a1d" />
  </TestEntries>
  <TestLists>
    <TestList name="Results Not in a List" id="8c84fa94-04c1-424b-9868-57a2d4851a1d" />
    <TestList name="All Loaded Results" id="19431567-8539-422a-85d7-44ee4e166bda" />
  </TestLists>
  <ResultSummary outcome="Completed">
    <Counters total="1" executed="1" passed="1" failed="0" error="0" timeout="0" aborted="0" inconclusive="0" passedButRunAborted="0" notRunnable="0" notExecuted="0" disconnected="0" warning="0" completed="0" inProgress="0" pending="0" />
    <Output>
      <StdOut>NUnit Adapter 4.1.0.0: Test execution started&#xD;
Running all tests in C:\TrademeCode\bindu-test\TrademeAPIAutomationTests\bin\Debug\net6.0\TrademeAPITests.dll&#xD;
   NUnit3TestExecutor discovered 1 of 1 NUnit test cases using Current Discovery mode, Non-Explicit run&#xD;
Given [user sends Httprequest to Trademe UsedCars Url]&#xD;
The Status Code is : OK&#xD;
The JSon Response is : {"Name":"Cars","Number":"0001-0268-","Path":"\/Trade-Me-Motors\/Cars","Subcategories":[{"Name":"Alfa Romeo","Number":"0001-0268-0269-","Path":"\/Trade-Me-Motors\/Cars\/Alfa-Romeo","HasClassifieds":true,"AreaOfBusiness":3,"IsLeaf":true},{"Name":"Aston Martin","Number":"0001-0268-0270-","Path":"\/Trade-Me-Motors\/Cars\/Aston-Martin","HasClassifieds":true,"AreaOfBusiness":3,"IsLeaf":true},{"Name":"Audi","Number":"0001-0268-0271-","Path":"\/Trade-Me-Motors\/Cars\/Audi","HasClassifieds":true,"AreaOfBusiness":3,"IsLeaf":true},{"Name":"Austin","Number":"0001-0268-0272-","Path":"\/Trade-Me-Motors\/Cars\/Austin","HasClassifieds":true,"AreaOfBusiness":3,"IsLeaf":true},{"Name":"Bentley","Number":"0001-0268-7081-","Path":"\/Trade-Me-Motors\/Cars\/Bentley","HasClassifieds":true,"AreaOfBusiness":3,"IsLeaf":true},{"Name":"BMW","Number":"0001-0268-0275-","Path":"\/Trade-Me-Motors\/Cars\/BMW","HasClassifieds":true,"AreaOfBusiness":3,"IsLeaf":true},{"Name":"Buick","Number":"0001-0268-5635-","Path":"\/Trade-Me-Motors\/Cars\/Buick","HasClassifieds":true,"AreaOfBusiness":3,"IsLeaf":true},{"Name":"BYD","Number":"0001-0268-5589-","Path":"\/Trade-Me-Motors\/Cars\/BYD","HasClassifieds":true,"AreaOfBusiness":3,"IsLeaf":true},{"Name":"Cadillac","Number":"0001-0268-0278-","Path":"\/Trade-Me-Motors\/Cars\/Cadillac","HasClassifieds":true,"AreaOfBusiness":3,"IsLeaf":true},{"Name":"Chery","Number":"0001-0268-9976-","Path":"\/Trade-Me-Motors\/Cars\/Chery","HasClassifieds":true,"AreaOfBusiness":3,"IsLeaf":true},{"Name":"Chevrolet","Number":"0001-0268-0280-","Path":"\/Trade-Me-Motors\/Cars\/Chevrolet","HasClassifieds":true,"AreaOfBusiness":3,"IsLeaf":true},{"Name":"Chrysler","Number":"0001-0268-0281-","Path":"\/Trade-Me-Motors\/Cars\/Chrysler","HasClassifieds":true,"AreaOfBusiness":3,"IsLeaf":true},{"Name":"Citroen","Number":"0001-0268-0282-","Path":"\/Trade-Me-Motors\/Cars\/Citroen","HasClassifieds":true,"AreaOfBusiness":3,"IsLeaf":true},{"Name":"Cupra","Number":"0001-0268-5609-","Path":"\/Trade-Me-Motors\/Cars\/Cupra","HasClassifieds":true,"AreaOfBusiness":3,"IsLeaf":true},{"Name":"Daewoo","Number":"0001-0268-0283-","Path":"\/Trade-Me-Motors\/Cars\/Daewoo","HasClassifieds":true,"AreaOfBusiness":3,"IsLeaf":true},{"Name":"Daihatsu","Number":"0001-0268-0285-","Path":"\/Trade-Me-Motors\/Cars\/Daihatsu","HasClassifieds":true,"AreaOfBusiness":3,"IsLeaf":true},{"Name":"Daimler","Number":"0001-0268-7080-","Path":"\/Trade-Me-Motors\/Cars\/Daimler","HasClassifieds":true,"AreaOfBusiness":3,"IsLeaf":true},{"Name":"Dodge","Number":"0001-0268-0287-","Path":"\/Trade-Me-Motors\/Cars\/Dodge","HasClassifieds":true,"AreaOfBusiness":3,"IsLeaf":true},{"Name":"DS Automobiles","Number":"0001-0268-5680-","Path":"\/Trade-Me-Motors\/Cars\/DS-Automobiles","HasClassifieds":true,"AreaOfBusiness":3,"IsLeaf":true},{"Name":"Ferrari","Number":"0001-0268-0290-","Path":"\/Trade-Me-Motors\/Cars\/Ferrari","HasClassifieds":true,"AreaOfBusiness":3,"IsLeaf":true},{"Name":"Fiat","Number":"0001-0268-0291-","Path":"\/Trade-Me-Motors\/Cars\/Fiat","HasClassifieds":true,"AreaOfBusiness":3,"IsLeaf":true},{"Name":"Ford","Number":"0001-0268-0292-","Path":"\/Trade-Me-Motors\/Cars\/Ford","HasClassifieds":true,"AreaOfBusiness":3,"IsLeaf":true},{"Name":"Foton","Number":"0001-0268-9971-","Path":"\/Trade-Me-Motors\/Cars\/Foton","HasClassifieds":true,"AreaOfBusiness":3,"IsLeaf":true},{"Name":"Geely","Number":"0001-0268-9529-","Path":"\/Trade-Me-Motors\/Cars\/Geely","HasClassifieds":true,"AreaOfBusiness":3,"IsLeaf":true},{"Name":"Genesis","Number":"0001-0268-5633-","Path":"\/Trade-Me-Motors\/Cars\/Genesis","HasClassifieds":true,"AreaOfBusiness":3,"IsLeaf":true},{"Name":"GMC","Number":"0001-0268-9975-","Path":"\/Trade-Me-Motors\/Cars\/GMC","HasClassifieds":true,"AreaOfBusiness":3,"IsLeaf":true},{"Name":"GWM","Number":"0001-0268-9162-","Path":"\/Trade-Me-Motors\/Cars\/GWM","HasClassifieds":true,"AreaOfBusiness":3,"IsLeaf":true},{"Name":"HAVAL","Number":"0001-0268-5608-","Path":"\/Trade-Me-Motors\/Cars\/HAVAL","HasClassifieds":true,"AreaOfBusiness":3,"IsLeaf":true},{"Name":"Holden","Number":"0001-0268-0297-","Path":"\/Trade-Me-Motors\/Cars\/Holden","HasClassifieds":true,"AreaOfBusiness":3,"IsLeaf":true},{"Name":"Honda","Number":"0001-0268-0298-","Path":"\/Trade-Me-Motors\/Cars\/Honda","HasClassifieds":true,"AreaOfBusiness":3,"IsLeaf":true},{"Name":"Humber","Number":"0001-0268-5611-","Path":"\/Trade-Me-Motors\/Cars\/Humber","HasClassifieds":true,"AreaOfBusiness":3,"IsLeaf":true},{"Name":"Hummer","Number":"0001-0268-1703-","Path":"\/Trade-Me-Motors\/Cars\/Hummer","HasClassifieds":true,"AreaOfBusiness":3,"IsLeaf":true},{"Name":"Hyundai","Number":"0001-0268-0300-","Path":"\/Trade-Me-Motors\/Cars\/Hyundai","HasClassifieds":true,"AreaOfBusiness":3,"IsLeaf":true},{"Name":"INEOS","Number":"0001-0268-5610-","Path":"\/Trade-Me-Motors\/Cars\/INEOS","HasClassifieds":true,"AreaOfBusiness":3,"IsLeaf":true},{"Name":"INFINITI","Number":"0001-0268-5682-","Path":"\/Trade-Me-Motors\/Cars\/INFINITI","HasClassifieds":true,"AreaOfBusiness":3,"IsLeaf":true},{"Name":"Isuzu","Number":"0001-0268-0301-","Path":"\/Trade-Me-Motors\/Cars\/Isuzu","HasClassifieds":true,"AreaOfBusiness":3,"IsLeaf":true},{"Name":"Iveco","Number":"0001-0268-5677-","Path":"\/Trade-Me-Motors\/Cars\/Iveco","HasClassifieds":true,"AreaOfBusiness":3,"IsLeaf":true},{"Name":"JAECOO","Number":"0001-0268-5632-","Path":"\/Trade-Me-Motors\/Cars\/JAECOO","HasClassifieds":true,"AreaOfBusiness":3,"IsLeaf":true},{"Name":"Jaguar","Number":"0001-0268-0302-","Path":"\/Trade-Me-Motors\/Cars\/Jaguar","HasClassifieds":true,"AreaOfBusiness":3,"IsLeaf":true},{"Name":"Jeep","Number":"0001-0268-0304-","Path":"\/Trade-Me-Motors\/Cars\/Jeep","HasClassifieds":true,"AreaOfBusiness":3,"IsLeaf":true},{"Name":"KGM","Number":"0001-0268-5634-","Path":"\/Trade-Me-Motors\/Cars\/KGM","HasClassifieds":true,"AreaOfBusiness":3,"IsLeaf":true},{"Name":"Kia","Number":"0001-0268-0305-","Path":"\/Trade-Me-Motors\/Cars\/Kia","HasClassifieds":true,"AreaOfBusiness":3,"IsLeaf":true},{"Name":"Lamborghini","Number":"0001-0268-7013-","Path":"\/Trade-Me-Motors\/Cars\/Lamborghini","HasClassifieds":true,"AreaOfBusiness":3,"IsLeaf":true},{"Name":"Lancia","Number":"0001-0268-5684-","Path":"\/Trade-Me-Motors\/Cars\/Lancia","HasClassifieds":true,"AreaOfBusiness":3,"IsLeaf":true},{"Name":"Land Rover","Number":"0001-0268-0306-","Path":"\/Trade-Me-Motors\/Cars\/Land-Rover","HasClassifieds":true,"AreaOfBusiness":3,"IsLeaf":true},{"Name":"LDV","Number":"0001-0268-9974-","Path":"\/Trade-Me-Motors\/Cars\/LDV","HasClassifieds":true,"AreaOfBusiness":3,"IsLeaf":true},{"Name":"Lexus","Number":"0001-0268-0307-","Path":"\/Trade-Me-Motors\/Cars\/Lexus","HasClassifieds":true,"AreaOfBusiness":3,"IsLeaf":true},{"Name":"Lotus","Number":"0001-0268-0308-","Path":"\/Trade-Me-Motors\/Cars\/Lotus","HasClassifieds":true,"AreaOfBusiness":3,"IsLeaf":true},{"Name":"Mahindra","Number":"0001-0268-9973-","Path":"\/Trade-Me-Motors\/Cars\/Mahindra","HasClassifieds":true,"AreaOfBusiness":3,"IsLeaf":true},{"Name":"Maserati","Number":"0001-0268-0309-","Path":"\/Trade-Me-Motors\/Cars\/Maserati","HasClassifieds":true,"AreaOfBusiness":3,"IsLeaf":true},{"Name":"Mazda","Number":"0001-0268-0310-","Path":"\/Trade-Me-Motors\/Cars\/Mazda","HasClassifieds":true,"AreaOfBusiness":3,"IsLeaf":true},{"Name":"McLaren","Number":"0001-0268-5605-","Path":"\/Trade-Me-Motors\/Cars\/McLaren","HasClassifieds":true,"AreaOfBusiness":3,"IsLeaf":true},{"Name":"Mercedes-Benz","Number":"0001-0268-0311-","Path":"\/Trade-Me-Motors\/Cars\/MercedesBenz","HasClassifieds":true,"AreaOfBusiness":3,"IsLeaf":true},{"Name":"MG","Number":"0001-0268-0312-","Path":"\/Trade-Me-Motors\/Cars\/MG","HasClassifieds":true,"AreaOfBusiness":3,"IsLeaf":true},{"Name":"MINI","Number":"0001-0268-0313-","Path":"\/Trade-Me-Motors\/Cars\/MINI","HasClassifieds":true,"AreaOfBusiness":3,"IsLeaf":true},{"Name":"Mitsubishi","Number":"0001-0268-0314-","Path":"\/Trade-Me-Motors\/Cars\/Mitsubishi","HasClassifieds":true,"AreaOfBusiness":3,"IsLeaf":true},{"Name":"Morgan","Number":"0001-0268-5606-","Path":"\/Trade-Me-Motors\/Cars\/Morgan","HasClassifieds":true,"AreaOfBusiness":3,"IsLeaf":true},{"Name":"Morris","Number":"0001-0268-0315-","Path":"\/Trade-Me-Motors\/Cars\/Morris","HasClassifieds":true,"AreaOfBusiness":3,"IsLeaf":true},{"Name":"Nissan","Number":"0001-0268-0316-","Path":"\/Trade-Me-Motors\/Cars\/Nissan","HasClassifieds":true,"AreaOfBusiness":3,"IsLeaf":true},{"Name":"OMODA","Number":"0001-0268-5631-","Path":"\/Trade-Me-Motors\/Cars\/OMODA","HasClassifieds":true,"AreaOfBusiness":3,"IsLeaf":true},{"Name":"Opel","Number":"0001-0268-0317-","Path":"\/Trade-Me-Motors\/Cars\/Opel","HasClassifieds":true,"AreaOfBusiness":3,"IsLeaf":true},{"Name":"Peugeot","Number":"0001-0268-0318-","Path":"\/Trade-Me-Motors\/Cars\/Peugeot","HasClassifieds":true,"AreaOfBusiness":3,"IsLeaf":true},{"Name":"Polestar","Number":"0001-0268-5590-","Path":"\/Trade-Me-Motors\/Cars\/Polestar","HasClassifieds":true,"AreaOfBusiness":3,"IsLeaf":true},{"Name":"Pontiac","Number":"0001-0268-4153-","Path":"\/Trade-Me-Motors\/Cars\/Pontiac","HasClassifieds":true,"AreaOfBusiness":3,"IsLeaf":true},{"Name":"Porsche","Number":"0001-0268-0320-","Path":"\/Trade-Me-Motors\/Cars\/Porsche","HasClassifieds":true,"AreaOfBusiness":3,"IsLeaf":true},{"Name":"Ram","Number":"0001-0268-5681-","Path":"\/Trade-Me-Motors\/Cars\/Ram","HasClassifieds":true,"AreaOfBusiness":3,"IsLeaf":true},{"Name":"Renault","Number":"0001-0268-0325-","Path":"\/Trade-Me-Motors\/Cars\/Renault","HasClassifieds":true,"AreaOfBusiness":3,"IsLeaf":true},{"Name":"Riley","Number":"0001-0268-5679-","Path":"\/Trade-Me-Motors\/Cars\/Riley","HasClassifieds":true,"AreaOfBusiness":3,"IsLeaf":true},{"Name":"Rolls-Royce","Number":"0001-0268-0326-","Path":"\/Trade-Me-Motors\/Cars\/RollsRoyce","HasClassifieds":true,"AreaOfBusiness":3,"IsLeaf":true},{"Name":"Rover","Number":"0001-0268-0327-","Path":"\/Trade-Me-Motors\/Cars\/Rover","HasClassifieds":true,"AreaOfBusiness":3,"IsLeaf":true},{"Name":"Saab","Number":"0001-0268-0328-","Path":"\/Trade-Me-Motors\/Cars\/Saab","HasClassifieds":true,"AreaOfBusiness":3,"IsLeaf":true},{"Name":"SEAT","Number":"0001-0268-9977-","Path":"\/Trade-Me-Motors\/Cars\/SEAT","HasClassifieds":true,"AreaOfBusiness":3,"IsLeaf":true},{"Name":"Skoda","Number":"0001-0268-5583-","Path":"\/Trade-Me-Motors\/Cars\/Skoda","HasClassifieds":true,"AreaOfBusiness":3,"IsLeaf":true},{"Name":"Smart","Number":"0001-0268-5584-","Path":"\/Trade-Me-Motors\/Cars\/Smart","HasClassifieds":true,"AreaOfBusiness":3,"IsLeaf":true},{"Name":"Ssangyong","Number":"0001-0268-0331-","Path":"\/Trade-Me-Motors\/Cars\/Ssangyong","HasClassifieds":true,"AreaOfBusiness":3,"IsLeaf":true},{"Name":"Studebaker","Number":"0001-0268-5612-","Path":"\/Trade-Me-Motors\/Cars\/Studebaker","HasClassifieds":true,"AreaOfBusiness":3,"IsLeaf":true},{"Name":"Subaru","Number":"0001-0268-0332-","Path":"\/Trade-Me-Motors\/Cars\/Subaru","HasClassifieds":true,"AreaOfBusiness":3,"IsLeaf":true},{"Name":"Suzuki","Number":"0001-0268-0333-","Path":"\/Trade-Me-Motors\/Cars\/Suzuki","HasClassifieds":true,"AreaOfBusiness":3,"IsLeaf":true},{"Name":"Tesla","Number":"0001-0268-5607-","Path":"\/Trade-Me-Motors\/Cars\/Tesla","HasClassifieds":true,"AreaOfBusiness":3,"IsLeaf":true},{"Name":"Toyota","Number":"0001-0268-0334-","Path":"\/Trade-Me-Motors\/Cars\/Toyota","HasClassifieds":true,"AreaOfBusiness":3,"IsLeaf":true},{"Name":"Triumph","Number":"0001-0268-0335-","Path":"\/Trade-Me-Motors\/Cars\/Triumph","HasClassifieds":true,"AreaOfBusiness":3,"IsLeaf":true},{"Name":"TVR","Number":"0001-0268-5678-","Path":"\/Trade-Me-Motors\/Cars\/TVR","HasClassifieds":true,"AreaOfBusiness":3,"IsLeaf":true},{"Name":"Vauxhall","Number":"0001-0268-9972-","Path":"\/Trade-Me-Motors\/Cars\/Vauxhall","HasClassifieds":true,"AreaOfBusiness":3,"IsLeaf":true},{"Name":"Volkswagen","Number":"0001-0268-0336-","Path":"\/Trade-Me-Motors\/Cars\/Volkswagen","HasClassifieds":true,"AreaOfBusiness":3,"IsLeaf":true},{"Name":"Volvo","Number":"0001-0268-0337-","Path":"\/Trade-Me-Motors\/Cars\/Volvo","HasClassifieds":true,"AreaOfBusiness":3,"IsLeaf":true},{"Name":"Other","Number":"0001-0268-1492-","Path":"\/Trade-Me-Motors\/Cars\/Other","HasClassifieds":true,"AreaOfBusiness":3,"IsLeaf":true}],"HasClassifieds":true,"AreaOfBusiness":3,"IsLeaf":false}&#xD;
-&gt; done: UsedCarsStepDefintions.GivenUserSendHttprequestToUrl() (0.2s)&#xD;
Then [status code is 200]&#xD;
-&gt; done: UsedCarsStepDefintions.ThenStatusCodeIs(200) (0.0s)&#xD;
And [count of Used Car Brands is 86]&#xD;
the number of used cars brands is 86&#xD;
-&gt; done: UsedCarsStepDefintions.ThenCountOfUsedCarBrandsIs(86) (0.0s)&#xD;
&#xD;
NUnit Adapter 4.1.0.0: Test execution complete&#xD;
</StdOut>
    </Output>
  </ResultSummary>
</TestRun>